<?xml version="1.0" encoding="UTF-8"?>
<!-- Generated by org.testng.reporters.JUnitReportReporter -->
<testsuite hostname="DESKTOP-3KOP925" failures="0" tests="1" name="SeleniuimGridDemo.GridStandAloneDemo" time="7.894" errors="0" timestamp="2024-01-09T07:49:05 IST" skipped="0">
  <testcase classname="SeleniuimGridDemo.GridStandAloneDemo" name="GridDemo1" time="7.894"/>
  <system-out/>
</testsuite> <!-- SeleniuimGridDemo.GridStandAloneDemo -->
