<?xml version="1.0" encoding="UTF-8"?>
<!-- Generated by org.testng.reporters.JUnitReportReporter -->
<testsuite hostname="DESKTOP-3KOP925" failures="0" tests="2" name="Testpages.Homepagetest" time="9.859" errors="0" timestamp="2024-01-08T12:18:23 IST" skipped="0">
  <testcase classname="Testpages.Homepagetest" name="clickOnRegisterPage" time="5.161"/>
  <system-out/>
  <testcase classname="Testpages.Homepagetest" name="clickOnLogin" time="4.698"/>
  <system-out/>
</testsuite> <!-- Testpages.Homepagetest -->
