<?xml version="1.0" encoding="UTF-8"?>
<!-- Generated by org.testng.reporters.JUnitReportReporter -->
<testsuite hostname="DESKTOP-3KOP925" failures="0" tests="4" name="Testpages.LoginpageTest" time="45.229" errors="0" timestamp="2024-01-15T14:49:37 IST" skipped="0">
  <testcase classname="Testpages.LoginpageTest" name="LoginUser" time="9.014"/>
  <system-out/>
  <testcase classname="Testpages.LoginpageTest" name="LoginUser" time="8.707"/>
  <system-out/>
  <testcase classname="Testpages.LoginpageTest" name="LoginUser" time="17.774"/>
  <system-out/>
  <testcase classname="Testpages.LoginpageTest" name="LoginUser" time="9.734"/>
  <system-out/>
</testsuite> <!-- Testpages.LoginpageTest -->
