<?xml version="1.0" encoding="UTF-8"?>
<!-- Generated by org.testng.reporters.JUnitReportReporter -->
<testsuite hostname="DESKTOP-3KOP925" failures="0" tests="2" name="Testpages.Homepagetest" time="9.470" errors="0" timestamp="2024-01-08T13:30:45 IST" skipped="0">
  <testcase classname="Testpages.Homepagetest" name="clickOnRegisterPage" time="4.783"/>
  <system-out/>
  <testcase classname="Testpages.Homepagetest" name="clickOnLogin" time="4.687"/>
  <system-out/>
</testsuite> <!-- Testpages.Homepagetest -->
