<?xml version="1.0" encoding="UTF-8"?>
<!-- Generated by org.testng.reporters.JUnitReportReporter -->
<testsuite hostname="DESKTOP-3KOP925" failures="0" tests="2" name="Testpages.LoginpageTest" time="17.805" errors="0" timestamp="2024-01-08T12:20:08 IST" skipped="0">
  <testcase classname="Testpages.LoginpageTest" name="LoginUser" time="7.796"/>
  <system-out/>
  <testcase classname="Testpages.LoginpageTest" name="LoginUser" time="10.009"/>
  <system-out/>
</testsuite> <!-- Testpages.LoginpageTest -->
