<?xml version="1.0" encoding="UTF-8"?>
<!-- Generated by org.testng.reporters.JUnitReportReporter -->
<testsuite hostname="DESKTOP-3KOP925" failures="0" tests="2" name="Testpages.RegisterpageTest" time="22.136" errors="0" timestamp="2024-01-08T11:35:54 IST" skipped="0">
  <testcase classname="Testpages.RegisterpageTest" name="RegisterUser" time="9.772"/>
  <system-out/>
  <testcase classname="Testpages.RegisterpageTest" name="RegisterUser" time="12.364"/>
  <system-out/>
</testsuite> <!-- Testpages.RegisterpageTest -->
